platforms/android/app/build/intermediates/manifest_merge_blame_file/debug/manifest-merger-blame-debug-report.txt
1<?xml version="1.0" encoding="utf-8"?>
2<manifest xmlns:android="http://schemas.android.com/apk/res/android"
3    package="org.nativescript.myapp"
4    android:versionCode="1"
5    android:versionName="1.0" >
6
7    <uses-sdk
8        android:minSdkVersion="17"
8-->src/main/AndroidManifest.xml
9        android:targetSdkVersion="30" />
9-->src/main/AndroidManifest.xml
10
11    <supports-screens
11-->src/main/AndroidManifest.xml:7:2-11:33
12        android:largeScreens="true"
12-->src/main/AndroidManifest.xml:10:3-30
13        android:normalScreens="true"
13-->src/main/AndroidManifest.xml:9:3-31
14        android:smallScreens="true"
14-->src/main/AndroidManifest.xml:8:3-30
15        android:xlargeScreens="true" />
15-->src/main/AndroidManifest.xml:11:3-31
16
17    <uses-permission android:name="android.permission.READ_EXTERNAL_STORAGE" />
17-->src/main/AndroidManifest.xml:13:2-76
17-->src/main/AndroidManifest.xml:13:19-74
18    <uses-permission android:name="android.permission.WRITE_EXTERNAL_STORAGE" />
18-->src/main/AndroidManifest.xml:14:2-77
18-->src/main/AndroidManifest.xml:14:19-75
19    <uses-permission android:name="android.permission.INTERNET" />
19-->src/main/AndroidManifest.xml:15:2-63
19-->src/main/AndroidManifest.xml:15:19-61
20    <uses-permission android:name="android.permission.SYSTEM_ALERT_WINDOW" />
20-->[com.facebook.react:react-native:0.20.1] AndroidManifest.xml:11:5-78
20-->[com.facebook.react:react-native:0.20.1] AndroidManifest.xml:11:22-75
21    <uses-permission android:name="android.permission.READ_PHONE_STATE" />
22
23    <application
23-->src/main/AndroidManifest.xml:17:2-38:16
24        android:name="com.tns.NativeScriptApplication"
24-->src/main/AndroidManifest.xml:18:3-49
25        android:allowBackup="true"
25-->src/main/AndroidManifest.xml:19:3-29
26        android:appComponentFactory="androidx.core.app.CoreComponentFactory"
26-->[androidx.core:core:1.1.0] AndroidManifest.xml:24:18-86
27        android:debuggable="true"
28        android:icon="@drawable/icon"
28-->src/main/AndroidManifest.xml:20:3-32
29        android:label="@string/app_name"
29-->src/main/AndroidManifest.xml:21:3-35
30        android:theme="@style/AppTheme" >
30-->src/main/AndroidManifest.xml:22:3-34
31        <activity
31-->src/main/AndroidManifest.xml:24:3-36:14
32            android:name="com.tns.NativeScriptActivity"
32-->src/main/AndroidManifest.xml:25:4-47
33            android:configChanges="keyboard|keyboardHidden|orientation|screenSize|smallestScreenSize|screenLayout|locale|uiMode"
33-->src/main/AndroidManifest.xml:27:4-120
34            android:label="@string/title_activity_kimera"
34-->src/main/AndroidManifest.xml:26:4-49
35            android:theme="@style/LaunchScreenTheme" >
35-->src/main/AndroidManifest.xml:28:4-44
36            <meta-data
36-->src/main/AndroidManifest.xml:30:4-87
37                android:name="SET_THEME_ON_LAUNCH"
37-->src/main/AndroidManifest.xml:30:15-49
38                android:resource="@style/AppTheme" />
38-->src/main/AndroidManifest.xml:30:50-84
39
40            <intent-filter>
40-->src/main/AndroidManifest.xml:32:4-35:20
41                <action android:name="android.intent.action.MAIN" />
41-->src/main/AndroidManifest.xml:33:5-57
41-->src/main/AndroidManifest.xml:33:13-54
42
43                <category android:name="android.intent.category.LAUNCHER" />
43-->src/main/AndroidManifest.xml:34:5-65
43-->src/main/AndroidManifest.xml:34:15-62
44            </intent-filter>
45        </activity>
46        <activity android:name="com.tns.ErrorReportActivity" />
46-->src/main/AndroidManifest.xml:37:3-57
46-->src/main/AndroidManifest.xml:37:13-55
47    </application>
48
49</manifest>